<?xml version="1.0" encoding="UTF-8"?>
<!-- Generated by org.testng.reporters.JUnitReportReporter -->
<testsuite hostname="LAPTOP-DAP28CO9" failures="0" tests="1" name="JenkinsBasics.JenkinsBasics.JenkinsOpenBrowser" time="14.025" errors="0" timestamp="2020-01-04T19:07:35 IST" skipped="0">
  <testcase classname="JenkinsBasics.JenkinsBasics.JenkinsOpenBrowser" name="TestingJenkins" time="14.025"/>
  <system-out/>
</testsuite> <!-- JenkinsBasics.JenkinsBasics.JenkinsOpenBrowser -->
