<?xml version="1.0" encoding="UTF-8"?>
<!-- Generated by org.testng.reporters.JUnitReportReporter -->
<testsuite hostname="LAPTOP-DAP28CO9" failures="0" tests="1" name="JenkinsBasics.JenkinsBasics.JenkinsOpenBrowser" time="16.012" errors="0" timestamp="2020-01-05T21:06:46 IST" skipped="0">
  <testcase classname="JenkinsBasics.JenkinsBasics.JenkinsOpenBrowser" name="TestingJenkins" time="16.012"/>
  <system-out/>
</testsuite> <!-- JenkinsBasics.JenkinsBasics.JenkinsOpenBrowser -->
