<?xml version="1.0" encoding="UTF-8"?>
<!-- Generated by org.testng.reporters.JUnitReportReporter -->
<testsuite hostname="LAPTOP-DAP28CO9" failures="0" tests="1" name="JenkinsBasics.JenkinsBasics.JenkinsOpenBrowser" time="18.936" errors="0" timestamp="2019-12-15T18:02:36 IST" skipped="0">
  <testcase classname="JenkinsBasics.JenkinsBasics.JenkinsOpenBrowser" name="OpenBrowser" time="18.936"/>
</testsuite> <!-- JenkinsBasics.JenkinsBasics.JenkinsOpenBrowser -->
